{"b3b5f39543a62b32d9b5bb48b302b242":{"statistic":{"failed":0,"broken":1,"skipped":0,"passed":0,"unknown":0,"total":1},"items":[{"uid":"fd973da69992c61e","reportUrl":"https://vpetrushin-20.github.io/FinalProjectFirst/10//#testresult/fd973da69992c61e","status":"broken","statusDetails":"Could not start a new session. Response code 500. Message: session not created: Chrome failed to start: exited normally.\n  (chrome not reachable)\n  (The process started from chrome location /usr/bin/google-chrome is no longer running, so ChromeDriver is assuming that Chrome has crashed.) \nHost info: host: 'fv-az1690-319', ip: '10.1.0.27'\nBuild info: version: '4.27.0', revision: 'd6e718d134'\nSystem info: os.name: 'Linux', os.arch: 'amd64', os.version: '6.8.0-1017-azure', java.version: '17.0.13'\nDriver info: org.openqa.selenium.chrome.ChromeDriver\nCommand: [null, newSession {capabilities=[Capabilities {acceptInsecureCerts: true, browserName: chrome, goog:chromeOptions: {args: [--proxy-bypass-list=<-loopb..., --disable-dev-shm-usage, --disable-search-engine-cho..., --unsafely-disable-devtools..., --no-sandbox, --remote-debugging-port=9222, --window-size=375,812, user-agent=Mozilla/5.0 (iPh...], binary: /usr/bin/google-chrome, excludeSwitches: [enable-automation, load-extension], extensions: [], prefs: {autofill.credit_card_enabled: false, autofill.profile_enabled: false, credentials_enable_service: false, download.default_directory: /home/runner/work/FinalProj..., plugins.always_open_pdf_externally: true, profile.default_content_setting_values.automatic_downloads: 1, profile.password_manager_enabled: false, profile.password_manager_leak_detection: false, safebrowsing.enabled: true}}, pageLoadStrategy: normal, unhandledPromptBehavior: accept}]}]\nselenide.url: https://www.mtsbank.ru/\nselenide.baseUrl: http://localhost:8080","time":{"start":1736505482503,"stop":1736505483689,"duration":1186}}]},"952e13de941d736bad6d6bdc5dc15aae":{"statistic":{"failed":1,"broken":0,"skipped":0,"passed":0,"unknown":0,"total":1},"items":[{"uid":"5df8ac6a39b078c6","reportUrl":"https://vpetrushin-20.github.io/FinalProjectFirst/10//#testresult/5df8ac6a39b078c6","status":"failed","statusDetails":"Element not found {By.xpath: //a[@href='/chastnim-licam/karti/'][contains(text(),'Карты')]}\nExpected: clickable: interactable and enabled\nScreenshot: file:/home/runner/work/FinalProjectFirst/FinalProjectFirst/build/reports/tests/1736505516123.1.png\nPage source: file:/home/runner/work/FinalProjectFirst/FinalProjectFirst/build/reports/tests/1736505516123.1.html\nTimeout: 4 s.\nCaused by: NoSuchElementException: no such element: Unable to locate element: {\"method\":\"xpath\",\"selector\":\"//a[@href='/chastnim-licam/karti/'][contains(text(),'Карты')]\"}","time":{"start":1736505510074,"stop":1736505516484,"duration":6410}}]},"1dace9f05c5e6e5d273cfb9d19ac1386":{"statistic":{"failed":0,"broken":1,"skipped":0,"passed":0,"unknown":0,"total":1},"items":[{"uid":"2fcb7d057859da6c","reportUrl":"https://vpetrushin-20.github.io/FinalProjectFirst/10//#testresult/2fcb7d057859da6c","status":"broken","statusDetails":"Could not start a new session. Response code 500. Message: session not created: Chrome failed to start: exited normally.\n  (chrome not reachable)\n  (The process started from chrome location /usr/bin/google-chrome is no longer running, so ChromeDriver is assuming that Chrome has crashed.) \nHost info: host: 'fv-az1690-319', ip: '10.1.0.27'\nBuild info: version: '4.27.0', revision: 'd6e718d134'\nSystem info: os.name: 'Linux', os.arch: 'amd64', os.version: '6.8.0-1017-azure', java.version: '17.0.13'\nDriver info: org.openqa.selenium.chrome.ChromeDriver\nCommand: [null, newSession {capabilities=[Capabilities {acceptInsecureCerts: true, browserName: chrome, goog:chromeOptions: {args: [--proxy-bypass-list=<-loopb..., --disable-dev-shm-usage, --disable-search-engine-cho..., --unsafely-disable-devtools..., --no-sandbox, --remote-debugging-port=9222, --window-size=375,812, user-agent=Mozilla/5.0 (iPh...], binary: /usr/bin/google-chrome, excludeSwitches: [enable-automation, load-extension], extensions: [], prefs: {autofill.credit_card_enabled: false, autofill.profile_enabled: false, credentials_enable_service: false, download.default_directory: /home/runner/work/FinalProj..., plugins.always_open_pdf_externally: true, profile.default_content_setting_values.automatic_downloads: 1, profile.password_manager_enabled: false, profile.password_manager_leak_detection: false, safebrowsing.enabled: true}}, pageLoadStrategy: normal, unhandledPromptBehavior: accept}]}]\nselenide.url: https://www.mtsbank.ru/\nselenide.baseUrl: http://localhost:8080","time":{"start":1736505471474,"stop":1736505482402,"duration":10928}}]},"1663dcf741ec979bc9a7ba0fac7d1b20":{"statistic":{"failed":1,"broken":0,"skipped":0,"passed":0,"unknown":0,"total":1},"items":[{"uid":"3bf8008a312e56a8","reportUrl":"https://vpetrushin-20.github.io/FinalProjectFirst/10//#testresult/3bf8008a312e56a8","status":"failed","statusDetails":"Element not found {By.xpath: //a[@data-testid='link'][contains(text(),'Офисы')]}\nExpected: clickable: interactable and enabled\nScreenshot: file:/home/runner/work/FinalProjectFirst/FinalProjectFirst/build/reports/tests/1736505536053.4.png\nPage source: file:/home/runner/work/FinalProjectFirst/FinalProjectFirst/build/reports/tests/1736505536053.4.html\nTimeout: 4 s.\nCaused by: NoSuchElementException: no such element: Unable to locate element: {\"method\":\"xpath\",\"selector\":\"//a[@data-testid='link'][contains(text(),'Офисы')]\"}","time":{"start":1736505529806,"stop":1736505536400,"duration":6594}}]},"d372fd76763fee1b702b4d7c0ac883b8":{"statistic":{"failed":1,"broken":0,"skipped":0,"passed":0,"unknown":0,"total":1},"items":[{"uid":"cda38227cbe97cad","reportUrl":"https://vpetrushin-20.github.io/FinalProjectFirst/10//#testresult/cda38227cbe97cad","status":"failed","statusDetails":"Element not found {By.xpath: //div//a[@href='/chastnim-licam/ipoteka/'][contains(text(),'Ипотека')]}\nExpected: clickable: interactable and enabled\nScreenshot: file:/home/runner/work/FinalProjectFirst/FinalProjectFirst/build/reports/tests/1736505529441.3.png\nPage source: file:/home/runner/work/FinalProjectFirst/FinalProjectFirst/build/reports/tests/1736505529441.3.html\nTimeout: 4 s.\nCaused by: NoSuchElementException: no such element: Unable to locate element: {\"method\":\"xpath\",\"selector\":\"//div//a[@href='/chastnim-licam/ipoteka/'][contains(text(),'Ипотека')]\"}","time":{"start":1736505523086,"stop":1736505529800,"duration":6714}}]},"864d534a7ee55cec62dac434c2fc66f":{"statistic":{"failed":1,"broken":0,"skipped":0,"passed":0,"unknown":0,"total":1},"items":[{"uid":"6da28820b48eea31","reportUrl":"https://vpetrushin-20.github.io/FinalProjectFirst/10//#testresult/6da28820b48eea31","status":"failed","statusDetails":"Element not found {By.xpath: //a[@href='/chastnim-licam/karti/'][contains(text(),'Карты')]}\nExpected: clickable: interactable and enabled\nScreenshot: file:/home/runner/work/FinalProjectFirst/FinalProjectFirst/build/reports/tests/1736505522711.2.png\nPage source: file:/home/runner/work/FinalProjectFirst/FinalProjectFirst/build/reports/tests/1736505522711.2.html\nTimeout: 4 s.\nCaused by: NoSuchElementException: no such element: Unable to locate element: {\"method\":\"xpath\",\"selector\":\"//a[@href='/chastnim-licam/karti/'][contains(text(),'Карты')]\"}","time":{"start":1736505516490,"stop":1736505523080,"duration":6590}}]},"a83bc8e78089bcb67445ab971dc0b3f9":{"statistic":{"failed":1,"broken":0,"skipped":0,"passed":0,"unknown":0,"total":1},"items":[{"uid":"a14a95774ab43399","reportUrl":"https://vpetrushin-20.github.io/FinalProjectFirst/10//#testresult/a14a95774ab43399","status":"failed","statusDetails":"Element should be clickable: interactable and enabled {By.xpath: //a[@href='/malomu-biznesu/']}\nElement: '<a class=\"Card-sc-464b1152-0 styled__CardTransition-sc-f8b71bdd-0 gOSDlX kCnFMh\" href=\"/malomu-biznesu/\" displayed:false></a>'\nActual value: hidden, opacity=1\nScreenshot: file:/home/runner/work/FinalProjectFirst/FinalProjectFirst/build/reports/tests/1736505509514.0.png\nPage source: file:/home/runner/work/FinalProjectFirst/FinalProjectFirst/build/reports/tests/1736505509514.0.html\nTimeout: 4 s.","time":{"start":1736505484804,"stop":1736505510067,"duration":25263}}]}}